<?xml version="1.0" encoding="UTF-8"?>
<!-- Generated by org.testng.reporters.JUnitReportReporter -->
<testsuite hostname="LAPTOP-1I16EJFO" failures="0" tests="1" name="advaceSeleniumE1.To_Learn_configuration_Annotation" time="0.005" errors="0" timestamp="2024-03-28T17:55:51 IST" skipped="0">
  <testcase classname="advaceSeleniumE1.To_Learn_configuration_Annotation" name="testcase" time="0.005"/>
  <system-out>
    <![CDATA[Tastcase got Executed]]>
  </system-out>
</testsuite> <!-- advaceSeleniumE1.To_Learn_configuration_Annotation -->
