<?xml version="1.0" encoding="UTF-8"?>
<!-- Generated by org.testng.reporters.JUnitReportReporter -->
<testsuite hostname="LAPTOP-1I16EJFO" failures="0" tests="1" name="Bikes.To_Launch_RoyalEnfield" time="21.059" errors="0" timestamp="2024-03-28T17:14:05 IST" skipped="0">
  <testcase classname="Bikes.To_Launch_RoyalEnfield" name="Royal" time="21.059"/>
  <system-out>
    <![CDATA[RoyalEnfield got lunched]]>
  </system-out>
</testsuite> <!-- Bikes.To_Launch_RoyalEnfield -->
