<?xml version="1.0" encoding="UTF-8"?>
<!-- Generated by org.testng.reporters.JUnitReportReporter -->
<testsuite hostname="LAPTOP-1I16EJFO" failures="0" tests="1" name="Bikes.To_Launch_Ducatti" time="73.218" errors="0" timestamp="2024-03-28T17:19:09 IST" skipped="0">
  <testcase classname="Bikes.To_Launch_Ducatti" name="Ducatti" time="73.218"/>
  <system-out>
    <![CDATA[Ducatti got lunched]]>
  </system-out>
</testsuite> <!-- Bikes.To_Launch_Ducatti -->
