<?xml version="1.0" encoding="UTF-8"?>
<!-- Generated by org.testng.reporters.JUnitReportReporter -->
<testsuite hostname="LAPTOP-1I16EJFO" failures="0" tests="3" name="Advance_Selenium.To_Learn_testNG" time="76.323" errors="0" timestamp="2024-03-26T18:02:40 IST" skipped="0">
  <testcase classname="Advance_Selenium.To_Learn_testNG" name="amazon" time="67.741"/>
  <system-out>
    <![CDATA[amazon got executed]]>
  </system-out>
  <testcase classname="Advance_Selenium.To_Learn_testNG" name="cricbuzz" time="5.455"/>
  <system-out>
    <![CDATA[cricbuzz got executed]]>
  </system-out>
  <testcase classname="Advance_Selenium.To_Learn_testNG" name="baskinrobbins" time="3.127"/>
  <system-out>
    <![CDATA[baskinrobbins got executed]]>
  </system-out>
</testsuite> <!-- Advance_Selenium.To_Learn_testNG -->
