<?xml version="1.0" encoding="UTF-8"?>
<!-- Generated by org.testng.reporters.JUnitReportReporter -->
<testsuite hostname="LAPTOP-1I16EJFO" failures="0" tests="3" name="Advance_Selenium.To_Learn_priority" time="112.850" errors="0" timestamp="2024-03-27T16:38:40 IST" skipped="0">
  <testcase classname="Advance_Selenium.To_Learn_priority" name="cricbuzz" time="68.922"/>
  <system-out>
    <![CDATA[cricbuzz got executed]]>
  </system-out>
  <testcase classname="Advance_Selenium.To_Learn_priority" name="amazon" time="35.761"/>
  <system-out>
    <![CDATA[amazon got executed]]>
  </system-out>
  <testcase classname="Advance_Selenium.To_Learn_priority" name="baskinrobbins" time="8.167"/>
  <system-out>
    <![CDATA[baskinrobbins got executed]]>
  </system-out>
</testsuite> <!-- Advance_Selenium.To_Learn_priority -->
