<?xml version="1.0" encoding="UTF-8"?>
<!-- Generated by org.testng.reporters.JUnitReportReporter -->
<testsuite hostname="LAPTOP-1I16EJFO" failures="0" tests="1" name="Bikes.To_Launch_KTM" time="2.907" errors="0" timestamp="2024-03-28T17:19:09 IST" skipped="0">
  <testcase classname="Bikes.To_Launch_KTM" name="Ktm" time="2.907"/>
  <system-out>
    <![CDATA[KTM got lunched]]>
  </system-out>
</testsuite> <!-- Bikes.To_Launch_KTM -->
