<?xml version="1.0" encoding="UTF-8"?>
<!-- Generated by org.testng.reporters.JUnitReportReporter -->
<testsuite hostname="LAPTOP-1I16EJFO" failures="0" tests="3" name="Advance_Selenium.To_Learn_DependsOnMethods" time="0.008" errors="0" timestamp="2024-03-27T17:23:47 IST" skipped="0">
  <testcase classname="Advance_Selenium.To_Learn_DependsOnMethods" name="createAccount" time="0.006"/>
  <system-out>
    <![CDATA[Account created successfully]]>
  </system-out>
  <testcase classname="Advance_Selenium.To_Learn_DependsOnMethods" name="editAccount" time="0.001"/>
  <system-out>
    <![CDATA[Account edited successfully]]>
  </system-out>
  <testcase classname="Advance_Selenium.To_Learn_DependsOnMethods" name="deleteAccount" time="0.001"/>
  <system-out>
    <![CDATA[Account deleted successfully]]>
  </system-out>
</testsuite> <!-- Advance_Selenium.To_Learn_DependsOnMethods -->
