<?xml version="1.0" encoding="UTF-8"?>
<!-- Generated by org.testng.reporters.JUnitReportReporter -->
<testsuite hostname="LAPTOP-1I16EJFO" failures="0" tests="1" name="Bikes.To_Launch_Yamaha" time="3.160" errors="0" timestamp="2024-03-28T17:14:05 IST" skipped="0">
  <testcase classname="Bikes.To_Launch_Yamaha" name="Yamaha" time="3.160"/>
  <system-out>
    <![CDATA[Yamaha got lunched]]>
  </system-out>
</testsuite> <!-- Bikes.To_Launch_Yamaha -->
