<?xml version="1.0" encoding="UTF-8"?>
<!-- Generated by org.testng.reporters.JUnitReportReporter -->
<testsuite hostname="LAPTOP-1I16EJFO" failures="0" tests="5" name="Advance_Selenium.To_Learn_Invocation" time="106.555" errors="0" timestamp="2024-03-27T16:51:49 IST" skipped="0">
  <testcase classname="Advance_Selenium.To_Learn_Invocation" name="cricbuzz" time="15.743"/>
  <system-out>
    <![CDATA[cricbuzz got executed]]>
  </system-out>
  <testcase classname="Advance_Selenium.To_Learn_Invocation" name="cricbuzz" time="8.474"/>
  <system-out>
    <![CDATA[cricbuzz got executed]]>
  </system-out>
  <testcase classname="Advance_Selenium.To_Learn_Invocation" name="amazon" time="9.050"/>
  <system-out>
    <![CDATA[amazon got executed]]>
  </system-out>
  <testcase classname="Advance_Selenium.To_Learn_Invocation" name="amazon" time="20.635"/>
  <system-out>
    <![CDATA[amazon got executed]]>
  </system-out>
  <testcase classname="Advance_Selenium.To_Learn_Invocation" name="amazon" time="52.653"/>
  <system-out>
    <![CDATA[amazon got executed]]>
  </system-out>
</testsuite> <!-- Advance_Selenium.To_Learn_Invocation -->
