<?xml version="1.0" encoding="UTF-8"?>
<!-- Generated by org.testng.reporters.JUnitReportReporter -->
<testsuite hostname="LAPTOP-1I16EJFO" failures="0" tests="8" name="Advance_Selenium.To_Learn_threadpoolsize" time="184.551" errors="0" timestamp="2024-03-27T21:19:27 IST" skipped="0">
  <testcase classname="Advance_Selenium.To_Learn_threadpoolsize" name="amazon" time="31.735"/>
  <system-out>
    <![CDATA[amazon got executed]]>
  </system-out>
  <testcase classname="Advance_Selenium.To_Learn_threadpoolsize" name="cricbuzz" time="9.222"/>
  <system-out>
    <![CDATA[cricbuzz got executed]]>
  </system-out>
  <testcase classname="Advance_Selenium.To_Learn_threadpoolsize" name="baskinrobbins" time="22.688"/>
  <system-out>
    <![CDATA[baskinrobbins got executed]]>
  </system-out>
  <testcase classname="Advance_Selenium.To_Learn_threadpoolsize" name="amazon" time="30.898"/>
  <system-out>
    <![CDATA[amazon got executed]]>
  </system-out>
  <testcase classname="Advance_Selenium.To_Learn_threadpoolsize" name="baskinrobbins" time="26.231"/>
  <system-out>
    <![CDATA[baskinrobbins got executed]]>
  </system-out>
  <testcase classname="Advance_Selenium.To_Learn_threadpoolsize" name="cricbuzz" time="10.155"/>
  <system-out>
    <![CDATA[cricbuzz got executed]]>
  </system-out>
  <testcase classname="Advance_Selenium.To_Learn_threadpoolsize" name="amazon" time="30.221"/>
  <system-out>
    <![CDATA[amazon got executed]]>
  </system-out>
  <testcase classname="Advance_Selenium.To_Learn_threadpoolsize" name="baskinrobbins" time="23.401"/>
  <system-out>
    <![CDATA[baskinrobbins got executed]]>
  </system-out>
</testsuite> <!-- Advance_Selenium.To_Learn_threadpoolsize -->
